<?xml version="1.0" encoding="UTF-8"?>
<testng-results skipped="0" failed="0" total="1" passed="1">
  <reporter-output>
  </reporter-output>
  <suite name="Default suite" duration-ms="33845" started-at="2015-10-14T16:29:04Z" finished-at="2015-10-14T16:29:38Z">
    <groups>
    </groups>
    <test name="Default test" duration-ms="33845" started-at="2015-10-14T16:29:04Z" finished-at="2015-10-14T16:29:38Z">
      <class name="day26.Testcase1">
        <test-method status="PASS" signature="POMTestcase()[pri:0, instance:day26.Testcase1@150b51f4]" name="POMTestcase" duration-ms="33812" started-at="2015-10-14T21:59:04Z" finished-at="2015-10-14T21:59:38Z">
          <reporter-output>
          </reporter-output>
        </test-method> <!-- POMTestcase -->
      </class> <!-- day26.Testcase1 -->
    </test> <!-- Default test -->
  </suite> <!-- Default suite -->
</testng-results>
